<?xml version="1.0" encoding="UTF-8"?>
<!-- Generated by org.testng.reporters.JUnitReportReporter -->
<testsuite hostname="LAPTOP-L0NJN73H" failures="0" tests="1" name="project1.Test_AmazonProject.TestCase1" time="57.927" errors="0" timestamp="2025-04-04T19:21:44 IST" skipped="0">
  <testcase classname="project1.Test_AmazonProject.TestCase1" name="Launch_search_wishlist_cart_logout" time="57.927"/>
</testsuite> <!-- project1.Test_AmazonProject.TestCase1 -->
